<?xml version="1.0" encoding="UTF-8"?>
<!-- Generated by org.testng.reporters.JUnitXMLReporter -->
<testsuite hostname="pallavi-testing" ignored="0" name="Free CRM App Test Cases" tests="4" failures="0" timestamp="03 Jul 2019 04:58:36 GMT" time="73.249" errors="0">
  <testcase name="verifyContactsPageLabel" time="0.06" classname="com.qa.crm.testcases.ContactsPageTest"/>
  <testcase name="validateCreateNewContact" time="4.538" classname="com.qa.crm.testcases.ContactsPageTest"/>
  <testcase name="validateCreateNewContact" time="3.786" classname="com.qa.crm.testcases.ContactsPageTest"/>
  <testcase name="validateCreateNewContact" time="3.627" classname="com.qa.crm.testcases.ContactsPageTest"/>
</testsuite> <!-- Free CRM App Test Cases -->
