<?xml version="1.0" encoding="UTF-8"?>
<testng-results skipped="0" failed="0" ignored="0" total="4" passed="4">
  <reporter-output>
  </reporter-output>
  <suite name="FREE CRM Application Test Automation Test Suite" duration-ms="73249" started-at="2019-07-03T04:57:23Z" finished-at="2019-07-03T04:58:36Z">
    <groups>
    </groups>
    <test name="Free CRM App Test Cases" duration-ms="73249" started-at="2019-07-03T04:57:23Z" finished-at="2019-07-03T04:58:36Z">
      <class name="com.qa.crm.testcases.ContactsPageTest">
        <test-method status="PASS" signature="setUp()[pri:0, instance:com.qa.crm.testcases.ContactsPageTest@4501b7af]" name="setUp" is-config="true" duration-ms="16135" started-at="2019-07-03T10:27:23Z" finished-at="2019-07-03T10:27:39Z">
          <reporter-output>
          </reporter-output>
        </test-method> <!-- setUp -->
        <test-method status="PASS" signature="verifyContactsPageLabel()[pri:1, instance:com.qa.crm.testcases.ContactsPageTest@4501b7af]" name="verifyContactsPageLabel" duration-ms="60" started-at="2019-07-03T10:27:39Z" finished-at="2019-07-03T10:27:39Z">
          <reporter-output>
          </reporter-output>
        </test-method> <!-- verifyContactsPageLabel -->
        <test-method status="PASS" signature="tearDown()[pri:0, instance:com.qa.crm.testcases.ContactsPageTest@4501b7af]" name="tearDown" is-config="true" duration-ms="820" started-at="2019-07-03T10:27:39Z" finished-at="2019-07-03T10:27:40Z">
          <reporter-output>
          </reporter-output>
        </test-method> <!-- tearDown -->
        <test-method status="PASS" signature="setUp()[pri:0, instance:com.qa.crm.testcases.ContactsPageTest@4501b7af]" name="setUp" is-config="true" duration-ms="13333" started-at="2019-07-03T10:27:41Z" finished-at="2019-07-03T10:27:54Z">
          <reporter-output>
          </reporter-output>
        </test-method> <!-- setUp -->
        <test-method status="PASS" signature="validateCreateNewContact(java.lang.String, java.lang.String, java.lang.String, java.lang.String)[pri:2, instance:com.qa.crm.testcases.ContactsPageTest@4501b7af]" name="validateCreateNewContact" duration-ms="4538" started-at="2019-07-03T10:27:54Z" data-provider="getCRMTestData" finished-at="2019-07-03T10:27:59Z">
          <params>
            <param index="0">
              <value>
                <![CDATA[Mr.]]>
              </value>
            </param>
            <param index="1">
              <value>
                <![CDATA[Tom]]>
              </value>
            </param>
            <param index="2">
              <value>
                <![CDATA[Peter]]>
              </value>
            </param>
            <param index="3">
              <value>
                <![CDATA[Google]]>
              </value>
            </param>
          </params>
          <reporter-output>
          </reporter-output>
        </test-method> <!-- validateCreateNewContact -->
        <test-method status="PASS" signature="tearDown()[pri:0, instance:com.qa.crm.testcases.ContactsPageTest@4501b7af]" name="tearDown" is-config="true" duration-ms="818" started-at="2019-07-03T10:27:59Z" finished-at="2019-07-03T10:27:59Z">
          <reporter-output>
          </reporter-output>
        </test-method> <!-- tearDown -->
        <test-method status="PASS" signature="setUp()[pri:0, instance:com.qa.crm.testcases.ContactsPageTest@4501b7af]" name="setUp" is-config="true" duration-ms="13722" started-at="2019-07-03T10:27:59Z" finished-at="2019-07-03T10:28:13Z">
          <reporter-output>
          </reporter-output>
        </test-method> <!-- setUp -->
        <test-method status="PASS" signature="validateCreateNewContact(java.lang.String, java.lang.String, java.lang.String, java.lang.String)[pri:2, instance:com.qa.crm.testcases.ContactsPageTest@4501b7af]" name="validateCreateNewContact" duration-ms="3786" started-at="2019-07-03T10:28:13Z" data-provider="getCRMTestData" finished-at="2019-07-03T10:28:17Z">
          <params>
            <param index="0">
              <value>
                <![CDATA[Dr.]]>
              </value>
            </param>
            <param index="1">
              <value>
                <![CDATA[David]]>
              </value>
            </param>
            <param index="2">
              <value>
                <![CDATA[Cris]]>
              </value>
            </param>
            <param index="3">
              <value>
                <![CDATA[Amazon]]>
              </value>
            </param>
          </params>
          <reporter-output>
          </reporter-output>
        </test-method> <!-- validateCreateNewContact -->
        <test-method status="PASS" signature="tearDown()[pri:0, instance:com.qa.crm.testcases.ContactsPageTest@4501b7af]" name="tearDown" is-config="true" duration-ms="815" started-at="2019-07-03T10:28:17Z" finished-at="2019-07-03T10:28:18Z">
          <reporter-output>
          </reporter-output>
        </test-method> <!-- tearDown -->
        <test-method status="PASS" signature="setUp()[pri:0, instance:com.qa.crm.testcases.ContactsPageTest@4501b7af]" name="setUp" is-config="true" duration-ms="13880" started-at="2019-07-03T10:28:18Z" finished-at="2019-07-03T10:28:32Z">
          <reporter-output>
          </reporter-output>
        </test-method> <!-- setUp -->
        <test-method status="PASS" signature="validateCreateNewContact(java.lang.String, java.lang.String, java.lang.String, java.lang.String)[pri:2, instance:com.qa.crm.testcases.ContactsPageTest@4501b7af]" name="validateCreateNewContact" duration-ms="3627" started-at="2019-07-03T10:28:32Z" data-provider="getCRMTestData" finished-at="2019-07-03T10:28:35Z">
          <params>
            <param index="0">
              <value>
                <![CDATA[Mrs.]]>
              </value>
            </param>
            <param index="1">
              <value>
                <![CDATA[Mukta]]>
              </value>
            </param>
            <param index="2">
              <value>
                <![CDATA[Sharma]]>
              </value>
            </param>
            <param index="3">
              <value>
                <![CDATA[Ebay]]>
              </value>
            </param>
          </params>
          <reporter-output>
          </reporter-output>
        </test-method> <!-- validateCreateNewContact -->
        <test-method status="PASS" signature="tearDown()[pri:0, instance:com.qa.crm.testcases.ContactsPageTest@4501b7af]" name="tearDown" is-config="true" duration-ms="778" started-at="2019-07-03T10:28:35Z" finished-at="2019-07-03T10:28:36Z">
          <reporter-output>
          </reporter-output>
        </test-method> <!-- tearDown -->
      </class> <!-- com.qa.crm.testcases.ContactsPageTest -->
    </test> <!-- Free CRM App Test Cases -->
  </suite> <!-- FREE CRM Application Test Automation Test Suite -->
</testng-results>
